openmrs-client/build/outputs/logs/manifest-merger-debug-report.txt
-- Merging decision tree log ---
manifest
ADDED from src/main/AndroidManifest.xml:16:1-169:12
	xmlns:android
		ADDED from src/main/AndroidManifest.xml:16:11-69
	package
		ADDED from src/main/AndroidManifest.xml:17:11-39
		INJECTED from src/main/AndroidManifest.xml
		INJECTED from src/main/AndroidManifest.xml
	android:versionName
		ADDED from src/main/AndroidManifest.xml:19:11-52
	android:versionCode
		ADDED from src/main/AndroidManifest.xml:18:11-34
		INJECTED from src/main/AndroidManifest.xml
		INJECTED from src/main/AndroidManifest.xml
uses-sdk
ADDED from src/main/AndroidManifest.xml:20:5-73
MERGED from [openmrs-contrib-android-client:odkcollect:unspecified] AndroidManifest.xml:16:5-18:41
MERGED from [com.android.support:appcompat-v7:23.1.1] AndroidManifest.xml:20:5-43
MERGED from [com.android.support:support-v4:23.1.1] AndroidManifest.xml:20:5-43
MERGED from [com.android.support:gridlayout-v7:23.1.1] AndroidManifest.xml:20:5-43
MERGED from [com.android.support:support-v4:23.1.1] AndroidManifest.xml:20:5-43
	android:targetSdkVersion
		ADDED from src/main/AndroidManifest.xml:20:42-71
		INJECTED from src/main/AndroidManifest.xml
		INJECTED from src/main/AndroidManifest.xml
	android:minSdkVersion
		ADDED from src/main/AndroidManifest.xml:20:15-41
		INJECTED from src/main/AndroidManifest.xml
		INJECTED from src/main/AndroidManifest.xml
uses-permission#android.permission.INTERNET
ADDED from src/main/AndroidManifest.xml:22:5-67
	android:name
		ADDED from src/main/AndroidManifest.xml:22:22-64
uses-permission#android.permission.WRITE_EXTERNAL_STORAGE
ADDED from src/main/AndroidManifest.xml:23:5-81
	android:name
		ADDED from src/main/AndroidManifest.xml:23:22-78
uses-permission#android.permission.READ_LOGS
ADDED from src/main/AndroidManifest.xml:24:5-68
	android:name
		ADDED from src/main/AndroidManifest.xml:24:22-65
uses-permission#android.permission.ACCESS_NETWORK_STATE
ADDED from src/main/AndroidManifest.xml:25:5-79
	android:name
		ADDED from src/main/AndroidManifest.xml:25:22-76
uses-permission#android.permission.READ_PHONE_STATE
ADDED from src/main/AndroidManifest.xml:26:5-75
	android:name
		ADDED from src/main/AndroidManifest.xml:26:22-72
uses-permission#android.permission.ACCESS_WIFI_STATE
ADDED from src/main/AndroidManifest.xml:27:5-76
	android:name
		ADDED from src/main/AndroidManifest.xml:27:22-73
application
ADDED from src/main/AndroidManifest.xml:29:5-168:19
MERGED from [openmrs-contrib-android-client:odkcollect:unspecified] AndroidManifest.xml:20:5-20
MERGED from [com.android.support:appcompat-v7:23.1.1] AndroidManifest.xml:22:5-20
MERGED from [com.android.support:support-v4:23.1.1] AndroidManifest.xml:22:5-20
MERGED from [com.android.support:gridlayout-v7:23.1.1] AndroidManifest.xml:22:5-20
MERGED from [com.android.support:support-v4:23.1.1] AndroidManifest.xml:22:5-20
	android:label
		ADDED from src/main/AndroidManifest.xml:32:9-41
	android:allowBackup
		ADDED from src/main/AndroidManifest.xml:30:9-35
	android:icon
		ADDED from src/main/AndroidManifest.xml:31:9-44
	android:theme
		ADDED from src/main/AndroidManifest.xml:33:9-45
	android:name
		ADDED from src/main/AndroidManifest.xml:34:9-44
meta-data#buildVersion
ADDED from src/main/AndroidManifest.xml:35:9-68
	android:name
		ADDED from src/main/AndroidManifest.xml:35:20-47
	android:value
		ADDED from src/main/AndroidManifest.xml:35:48-65
provider#org.odk.collect.android.openmrs.provider.OpenMRSFormsProvider
ADDED from src/main/AndroidManifest.xml:37:9-39:45
	android:exported
		ADDED from src/main/AndroidManifest.xml:39:19-43
	android:authorities
		ADDED from src/main/AndroidManifest.xml:38:19-91
	android:name
		ADDED from src/main/AndroidManifest.xml:37:19-95
provider#org.odk.collect.android.openmrs.provider.OpenMRSInstanceProvider
ADDED from src/main/AndroidManifest.xml:40:9-42:45
	android:exported
		ADDED from src/main/AndroidManifest.xml:42:19-43
	android:authorities
		ADDED from src/main/AndroidManifest.xml:41:19-95
	android:name
		ADDED from src/main/AndroidManifest.xml:40:19-98
receiver#org.openmrs.mobile.application.OpenMRSBroadcastReceiver
ADDED from src/main/AndroidManifest.xml:44:9-55:20
	android:name
		ADDED from src/main/AndroidManifest.xml:44:19-71
intent-filter#org.openmrs.mobile.intent.action.AUTH_FAILED_BROADCAST+org.openmrs.mobile.intent.action.CONN_TIMEOUT_BROADCAST+org.openmrs.mobile.intent.action.NO_INTERNET_CONNECTION_BROADCAST+org.openmrs.mobile.intent.action.SERVER_ERROR_BROADCAST+org.openmrs.mobile.intent.action.SERVER_NOT_SUPPORTED_BROADCAST+org.openmrs.mobile.intent.action.SERVER_UNAVAILABLE_BROADCAST+org.openmrs.mobile.intent.action.SOCKET_EXCEPTION_BROADCAST+org.openmrs.mobile.intent.action.UNAUTHORIZED_BROADCAST
ADDED from src/main/AndroidManifest.xml:45:13-54:29
action#org.openmrs.mobile.intent.action.AUTH_FAILED_BROADCAST
ADDED from src/main/AndroidManifest.xml:46:17-96
	android:name
		ADDED from src/main/AndroidManifest.xml:46:25-94
action#org.openmrs.mobile.intent.action.UNAUTHORIZED_BROADCAST
ADDED from src/main/AndroidManifest.xml:47:17-97
	android:name
		ADDED from src/main/AndroidManifest.xml:47:25-95
action#org.openmrs.mobile.intent.action.CONN_TIMEOUT_BROADCAST
ADDED from src/main/AndroidManifest.xml:48:17-97
	android:name
		ADDED from src/main/AndroidManifest.xml:48:25-95
action#org.openmrs.mobile.intent.action.NO_INTERNET_CONNECTION_BROADCAST
ADDED from src/main/AndroidManifest.xml:49:17-107
	android:name
		ADDED from src/main/AndroidManifest.xml:49:25-105
action#org.openmrs.mobile.intent.action.SERVER_UNAVAILABLE_BROADCAST
ADDED from src/main/AndroidManifest.xml:50:17-103
	android:name
		ADDED from src/main/AndroidManifest.xml:50:25-101
action#org.openmrs.mobile.intent.action.SERVER_ERROR_BROADCAST
ADDED from src/main/AndroidManifest.xml:51:17-97
	android:name
		ADDED from src/main/AndroidManifest.xml:51:25-95
action#org.openmrs.mobile.intent.action.SOCKET_EXCEPTION_BROADCAST
ADDED from src/main/AndroidManifest.xml:52:17-101
	android:name
		ADDED from src/main/AndroidManifest.xml:52:25-99
action#org.openmrs.mobile.intent.action.SERVER_NOT_SUPPORTED_BROADCAST
ADDED from src/main/AndroidManifest.xml:53:17-105
	android:name
		ADDED from src/main/AndroidManifest.xml:53:25-103
activity#org.openmrs.mobile.activities.DashboardActivity
ADDED from src/main/AndroidManifest.xml:56:9-63:20
	android:label
		ADDED from src/main/AndroidManifest.xml:58:13-45
	android:name
		ADDED from src/main/AndroidManifest.xml:57:13-57
intent-filter#android.intent.action.MAIN+android.intent.category.LAUNCHER
ADDED from src/main/AndroidManifest.xml:59:13-62:29
action#android.intent.action.MAIN
ADDED from src/main/AndroidManifest.xml:60:17-69
	android:name
		ADDED from src/main/AndroidManifest.xml:60:25-66
category#android.intent.category.LAUNCHER
ADDED from src/main/AndroidManifest.xml:61:17-77
	android:name
		ADDED from src/main/AndroidManifest.xml:61:27-74
activity#org.openmrs.mobile.activities.DialogActivity
ADDED from src/main/AndroidManifest.xml:64:9-68:20
	android:noHistory
		ADDED from src/main/AndroidManifest.xml:66:13-37
	android:theme
		ADDED from src/main/AndroidManifest.xml:67:13-52
	android:name
		ADDED from src/main/AndroidManifest.xml:65:13-54
activity#org.openmrs.mobile.activities.FindPatientsActivity
ADDED from src/main/AndroidManifest.xml:69:9-83:20
	android:label
		ADDED from src/main/AndroidManifest.xml:71:13-57
	android:configChanges
		ADDED from src/main/AndroidManifest.xml:72:13-62
	android:name
		ADDED from src/main/AndroidManifest.xml:70:13-60
	android:launchMode
		ADDED from src/main/AndroidManifest.xml:73:13-43
meta-data#android.support.PARENT_ACTIVITY
ADDED from src/main/AndroidManifest.xml:75:13-77:65
	android:name
		ADDED from src/main/AndroidManifest.xml:76:17-63
	android:value
		ADDED from src/main/AndroidManifest.xml:77:17-62
meta-data#android.app.searchable
ADDED from src/main/AndroidManifest.xml:78:13-79:61
	android:resource
		ADDED from src/main/AndroidManifest.xml:79:24-58
	android:name
		ADDED from src/main/AndroidManifest.xml:78:24-61
intent-filter#android.intent.action.SEARCH
ADDED from src/main/AndroidManifest.xml:80:13-82:29
action#android.intent.action.SEARCH
ADDED from src/main/AndroidManifest.xml:81:17-71
	android:name
		ADDED from src/main/AndroidManifest.xml:81:25-68
activity#org.openmrs.mobile.activities.FindPatientsSearchActivity
ADDED from src/main/AndroidManifest.xml:84:9-97:20
	android:label
		ADDED from src/main/AndroidManifest.xml:86:13-57
	android:name
		ADDED from src/main/AndroidManifest.xml:85:13-66
	android:launchMode
		ADDED from src/main/AndroidManifest.xml:87:13-43
activity#org.openmrs.mobile.activities.LoginActivity
ADDED from src/main/AndroidManifest.xml:98:9-104:20
	android:noHistory
		ADDED from src/main/AndroidManifest.xml:102:13-37
	android:label
		ADDED from src/main/AndroidManifest.xml:101:13-45
	android:theme
		ADDED from src/main/AndroidManifest.xml:99:13-52
	android:name
		ADDED from src/main/AndroidManifest.xml:100:13-53
	android:launchMode
		ADDED from src/main/AndroidManifest.xml:103:13-43
activity#org.openmrs.mobile.activities.SettingsActivity
ADDED from src/main/AndroidManifest.xml:105:9-109:20
	android:noHistory
		ADDED from src/main/AndroidManifest.xml:108:13-37
	android:label
		ADDED from src/main/AndroidManifest.xml:107:13-52
	android:name
		ADDED from src/main/AndroidManifest.xml:106:13-56
activity#org.openmrs.mobile.activities.PatientDashboardActivity
ADDED from src/main/AndroidManifest.xml:110:9-116:20
	android:name
		ADDED from src/main/AndroidManifest.xml:111:13-64
activity#org.openmrs.mobile.activities.FindActiveVisitsActivity
ADDED from src/main/AndroidManifest.xml:117:9-130:20
	android:label
		ADDED from src/main/AndroidManifest.xml:119:13-57
	android:name
		ADDED from src/main/AndroidManifest.xml:118:13-64
	android:launchMode
		ADDED from src/main/AndroidManifest.xml:120:13-43
activity#org.openmrs.mobile.activities.FindActiveVisitsSearchActivity
ADDED from src/main/AndroidManifest.xml:131:9-144:20
	android:label
		ADDED from src/main/AndroidManifest.xml:133:13-57
	android:name
		ADDED from src/main/AndroidManifest.xml:132:13-70
	android:launchMode
		ADDED from src/main/AndroidManifest.xml:134:13-43
activity#org.openmrs.mobile.activities.VisitDashboardActivity
ADDED from src/main/AndroidManifest.xml:145:9-153:20
	android:label
		ADDED from src/main/AndroidManifest.xml:147:13-58
	android:name
		ADDED from src/main/AndroidManifest.xml:146:13-62
	android:launchMode
		ADDED from src/main/AndroidManifest.xml:148:13-43
activity#org.openmrs.mobile.activities.FormEntryActivity
ADDED from src/main/AndroidManifest.xml:154:9-158:20
	android:label
		ADDED from src/main/AndroidManifest.xml:156:13-57
	android:name
		ADDED from src/main/AndroidManifest.xml:155:13-57
	android:launchMode
		ADDED from src/main/AndroidManifest.xml:157:13-43
activity#org.openmrs.mobile.activities.CaptureVitalsActivity
ADDED from src/main/AndroidManifest.xml:159:9-167:20
	android:label
		ADDED from src/main/AndroidManifest.xml:160:13-58
	android:configChanges
		ADDED from src/main/AndroidManifest.xml:162:13-74
	android:name
		ADDED from src/main/AndroidManifest.xml:161:13-61